

   Time         sum(rTop)     sum(rRoot)    sum(vTop)     sum(vRoot)     sum(vBot)    hTop       hRoot      hBot      A-level
    [T]           [L]           [L]           [L]           [L]            [L]        [L]         [L]       [L] 

     1.00000 -0.119000E-01  0.000000E+00 -0.119000E-01  0.000000E+00 -0.562150E-01    -31.840      0.000    -28.862       1
     2.00000 -0.540900E+00  0.000000E+00 -0.540900E+00  0.000000E+00 -0.112430E+00    -19.864      0.000    -28.862       2
     3.00000 -0.214810E+01  0.000000E+00 -0.214810E+01  0.000000E+00 -0.168645E+00    -16.652      0.000    -28.862       3
     4.00000 -0.234590E+01  0.000000E+00 -0.234590E+01  0.000000E+00 -0.225186E+00    -23.404      0.000    -28.849       4
     5.00000 -0.245520E+01  0.000000E+00 -0.245520E+01  0.000000E+00 -0.298972E+00    -25.530      0.000    -27.973       5
     6.00000 -0.245510E+01  0.000000E+00 -0.245510E+01  0.000000E+00 -0.528796E+00    -30.386      0.000    -23.285       6
     7.00000 -0.247710E+01  0.000000E+00 -0.247710E+01  0.000000E+00 -0.922437E+00    -32.143      0.000    -21.131       7
     8.00000 -0.248010E+01  0.000000E+00 -0.248010E+01  0.000000E+00 -0.133092E+01    -34.676      0.000    -21.181       8
     9.00000 -0.248010E+01  0.000000E+00 -0.248010E+01  0.000000E+00 -0.164513E+01    -36.451      0.000    -21.987       9
    10.00000 -0.246450E+01  0.000000E+00 -0.246450E+01  0.000000E+00 -0.187249E+01    -41.048      0.000    -22.706      10
    11.00000 -0.246210E+01  0.000000E+00 -0.246210E+01  0.000000E+00 -0.205233E+01    -42.424      0.000    -23.264      11
    12.00000 -0.248410E+01  0.000000E+00 -0.248410E+01  0.000000E+00 -0.221037E+01    -38.150      0.000    -23.727      12
    13.00000 -0.248410E+01  0.000000E+00 -0.248410E+01  0.000000E+00 -0.235506E+01    -40.132      0.000    -24.199      13
    14.00000 -0.246410E+01  0.000000E+00 -0.246410E+01  0.000000E+00 -0.249054E+01    -45.958      0.000    -24.644      14
    15.00000 -0.245750E+01  0.000000E+00 -0.245750E+01  0.000000E+00 -0.261641E+01    -48.027      0.000    -25.120      15
    16.00000 -0.364590E+01  0.000000E+00 -0.364590E+01  0.000000E+00 -0.273424E+01    -17.273      0.000    -25.620      16
    17.00000 -0.390980E+01  0.000000E+00 -0.390980E+01  0.000000E+00 -0.284112E+01    -22.567      0.000    -26.142      17
    18.00000 -0.474670E+01  0.000000E+00 -0.474670E+01  0.000000E+00 -0.293737E+01    -18.232      0.000    -26.666      18
    19.00000 -0.479050E+01  0.000000E+00 -0.479050E+01  0.000000E+00 -0.302439E+01    -27.219      0.000    -27.110      19
    20.00000 -0.483440E+01  0.000000E+00 -0.483440E+01  0.000000E+00 -0.312336E+01    -28.819      0.000    -26.658      20
    21.00000 -0.483440E+01  0.000000E+00 -0.483440E+01  0.000000E+00 -0.329797E+01    -32.908      0.000    -24.040      21
    22.00000 -0.483440E+01  0.000000E+00 -0.483440E+01  0.000000E+00 -0.358891E+01    -35.204      0.000    -22.530      22
    23.00000 -0.487840E+01  0.000000E+00 -0.487840E+01  0.000000E+00 -0.389591E+01    -31.952      0.000    -22.174      23
    24.00000 -0.487820E+01  0.000000E+00 -0.487820E+01  0.000000E+00 -0.414812E+01    -34.869      0.000    -22.604      24
    25.00000 -0.512020E+01  0.000000E+00 -0.512020E+01  0.000000E+00 -0.434941E+01    -23.258      0.000    -23.119      25
    26.00000 -0.531820E+01  0.000000E+00 -0.531820E+01  0.000000E+00 -0.451548E+01    -23.169      0.000    -23.560      26
    27.00000 -0.531780E+01  0.000000E+00 -0.531780E+01  0.000000E+00 -0.466453E+01    -29.385      0.000    -23.989      27
    28.00000 -0.533980E+01  0.000000E+00 -0.533980E+01  0.000000E+00 -0.480657E+01    -31.629      0.000    -24.390      28
    29.00000 -0.564780E+01  0.000000E+00 -0.564780E+01  0.000000E+00 -0.494045E+01    -22.213      0.000    -24.806      29
    30.00000 -0.564490E+01  0.000000E+00 -0.564490E+01  0.000000E+00 -0.506522E+01    -28.957      0.000    -25.236      30
    31.00000 -0.599690E+01  0.000000E+00 -0.599690E+01  0.000000E+00 -0.518224E+01    -21.492      0.000    -25.651      31
    32.00000 -0.600420E+01  0.000000E+00 -0.600420E+01  0.000000E+00 -0.529188E+01    -28.674      0.000    -26.023      32
    33.00000 -0.606850E+01  0.000000E+00 -0.606850E+01  0.000000E+00 -0.539563E+01    -28.590      0.000    -26.328      33
    34.00000 -0.617850E+01  0.000000E+00 -0.617850E+01  0.000000E+00 -0.549550E+01    -26.708      0.000    -26.539      34
    35.00000 -0.620890E+01  0.000000E+00 -0.620890E+01  0.000000E+00 -0.559391E+01    -29.494      0.000    -26.635      35
    36.00000 -0.625260E+01  0.000000E+00 -0.625260E+01  0.000000E+00 -0.569325E+01    -29.732      0.000    -26.612      36
    37.00000 -0.623050E+01  0.000000E+00 -0.623050E+01  0.000000E+00 -0.579570E+01    -35.657      0.000    -26.487      37
    38.00000 -0.622730E+01  0.000000E+00 -0.622730E+01  0.000000E+00 -0.590158E+01    -37.507      0.000    -26.334      38
    39.00000 -0.620320E+01  0.000000E+00 -0.620320E+01  0.000000E+00 -0.600962E+01    -44.079      0.000    -26.212      39
    40.00000 -0.618770E+01  0.000000E+00 -0.618770E+01  0.000000E+00 -0.611816E+01    -47.511      0.000    -26.185      40
    41.00000 -0.618600E+01  0.000000E+00 -0.618600E+01  0.000000E+00 -0.622449E+01    -47.564      0.000    -26.241      41
    42.00000 -0.623000E+01  0.000000E+00 -0.623000E+01  0.000000E+00 -0.632904E+01    -37.323      0.000    -26.336      42
    43.00000 -0.622950E+01  0.000000E+00 -0.622950E+01  0.000000E+00 -0.642919E+01    -39.379      0.000    -26.524      43
    44.00000 -0.621870E+01  0.000000E+00 -0.621870E+01  0.000000E+00 -0.652334E+01    -43.350      0.000    -26.783      44
    45.00000 -0.618380E+01  0.000000E+00 -0.618380E+01  0.000000E+00 -0.661087E+01    -56.866      0.000    -27.090      45
    46.00000 -0.617960E+01  0.000000E+00 -0.617960E+01  0.000000E+00 -0.668938E+01    -57.389      0.000    -27.428      46
    47.00000 -0.616640E+01  0.000000E+00 -0.616640E+01  0.000000E+00 -0.676031E+01    -63.697      0.000    -27.775      47
    48.00000 -0.616490E+01  0.000000E+00 -0.616490E+01  0.000000E+00 -0.682442E+01    -61.440      0.000    -28.111      48
    49.00000 -0.616490E+01  0.000000E+00 -0.616490E+01  0.000000E+00 -0.688204E+01    -60.237      0.000    -28.427      49
    50.00000 -0.616260E+01  0.000000E+00 -0.616260E+01  0.000000E+00 -0.693406E+01    -60.673      0.000    -28.717      50
    51.00000 -0.613340E+01  0.000000E+00 -0.613340E+01  0.000000E+00 -0.698132E+01    -89.240      0.000    -28.982      51
    52.00000 -0.611740E+01  0.000000E+00 -0.611740E+01  0.000000E+00 -0.702477E+01   -109.162      0.000    -29.208      52
    53.00000 -0.609950E+01  0.000000E+00 -0.609950E+01  0.000000E+00 -0.706571E+01   -156.078      0.000    -29.430      53
    54.00000 -0.606560E+01  0.000000E+00 -0.606560E+01  0.000000E+00 -0.710449E+01   -489.263      0.000    -29.626      54
    55.00000 -0.604410E+01  0.000000E+00 -0.604410E+01  0.000000E+00 -0.714145E+01   -757.094      0.000    -29.793      55
    56.00000 -0.601930E+01  0.000000E+00 -0.601930E+01  0.000000E+00 -0.717739E+01  -1602.822      0.000    -30.022      56
    57.00000 -0.603950E+01  0.000000E+00 -0.603950E+01  0.000000E+00 -0.721288E+01    -94.896      0.000    -30.256      57
    58.00000 -0.602290E+01  0.000000E+00 -0.602290E+01  0.000000E+00 -0.724755E+01   -193.811      0.000    -30.465      58
    59.00000 -0.601580E+01  0.000000E+00 -0.601580E+01  0.000000E+00 -0.728141E+01   -321.299      0.000    -30.670      59
    60.00000 -0.599180E+01  0.000000E+00 -0.599180E+01  0.000000E+00 -0.731449E+01  -4459.170      0.000    -30.877      60
    61.00000 -0.596690E+01  0.000000E+00 -0.596780E+01  0.000000E+00 -0.734685E+01 -10000.000      0.000    -31.090      61
    62.00000 -0.593770E+01  0.000000E+00 -0.595731E+01  0.000000E+00 -0.737826E+01 -10000.000      0.000    -31.309      62
    63.00000 -0.591110E+01  0.000000E+00 -0.594883E+01  0.000000E+00 -0.740858E+01 -10000.000      0.000    -31.537      63
    64.00000 -0.591830E+01  0.000000E+00 -0.595603E+01  0.000000E+00 -0.743839E+01   -179.457      0.000    -31.768      64
    65.00000 -0.598360E+01  0.000000E+00 -0.602133E+01  0.000000E+00 -0.746729E+01    -48.350      0.000    -32.004      65
    66.00000 -0.699660E+01  0.000000E+00 -0.703433E+01  0.000000E+00 -0.749527E+01    -17.779      0.000    -32.245      66
    67.00000 -0.745080E+01  0.000000E+00 -0.748853E+01  0.000000E+00 -0.752229E+01    -20.487      0.000    -32.490      67
    68.00000 -0.746290E+01  0.000000E+00 -0.750063E+01  0.000000E+00 -0.754834E+01    -28.588      0.000    -32.738      68
    69.00000 -0.754930E+01  0.000000E+00 -0.758703E+01  0.000000E+00 -0.757342E+01    -27.578      0.000    -32.988      69
    70.00000 -0.751900E+01  0.000000E+00 -0.755673E+01  0.000000E+00 -0.759745E+01    -34.567      0.000    -33.236      70
    71.00000 -0.820200E+01  0.000000E+00 -0.823973E+01  0.000000E+00 -0.762070E+01    -18.648      0.000    -33.473      71
    72.00000 -0.886300E+01  0.000000E+00 -0.890073E+01  0.000000E+00 -0.764331E+01    -18.692      0.000    -33.669      72
    73.00000 -0.895100E+01  0.000000E+00 -0.898873E+01  0.000000E+00 -0.766602E+01    -25.923      0.000    -33.754      73
    74.00000 -0.897050E+01  0.000000E+00 -0.900823E+01  0.000000E+00 -0.769188E+01    -29.644      0.000    -33.267      74
    75.00000 -0.897050E+01  0.000000E+00 -0.900823E+01  0.000000E+00 -0.775583E+01    -33.579      0.000    -29.578      75
    76.00000 -0.903641E+01  0.000000E+00 -0.907413E+01  0.000000E+00 -0.790546E+01    -29.535      0.000    -25.165      76
    77.00000 -0.903611E+01  0.000000E+00 -0.907383E+01  0.000000E+00 -0.813767E+01    -33.239      0.000    -23.168      77
    78.00000 -0.902851E+01  0.000000E+00 -0.906624E+01  0.000000E+00 -0.836216E+01    -36.401      0.000    -23.003      78
    79.00000 -0.929240E+01  0.000000E+00 -0.933013E+01  0.000000E+00 -0.855363E+01    -23.026      0.000    -23.259      79
    80.00000 -0.931580E+01  0.000000E+00 -0.935353E+01  0.000000E+00 -0.871626E+01    -28.670      0.000    -23.606      80
    81.00000 -0.960180E+01  0.000000E+00 -0.963953E+01  0.000000E+00 -0.886519E+01    -22.315      0.000    -24.031      81
    82.00000 -0.977780E+01  0.000000E+00 -0.981553E+01  0.000000E+00 -0.900655E+01    -23.359      0.000    -24.427      82
    83.00000 -0.972680E+01  0.000000E+00 -0.976453E+01  0.000000E+00 -0.913904E+01    -33.084      0.000    -24.850      83
    84.00000 -0.966350E+01  0.000000E+00 -0.970123E+01  0.000000E+00 -0.926179E+01    -44.492      0.000    -25.279      84
    85.00000 -0.966250E+01  0.000000E+00 -0.970023E+01  0.000000E+00 -0.937691E+01    -43.547      0.000    -25.669      85
    86.00000 -0.965560E+01  0.000000E+00 -0.969333E+01  0.000000E+00 -0.948490E+01    -44.637      0.000    -25.965      86
    87.00000 -0.104046E+02  0.000000E+00 -0.104423E+02  0.000000E+00 -0.959076E+01    -18.446      0.000    -26.236      87
    88.00000 -0.104911E+02  0.000000E+00 -0.105288E+02  0.000000E+00 -0.969278E+01    -25.830      0.000    -26.436      88
    89.00000 -0.104846E+02  0.000000E+00 -0.105223E+02  0.000000E+00 -0.979177E+01    -30.945      0.000    -26.585      89
    90.00000 -0.106606E+02  0.000000E+00 -0.106983E+02  0.000000E+00 -0.988905E+01    -24.668      0.000    -26.696      90
    91.00000 -0.107266E+02  0.000000E+00 -0.107643E+02  0.000000E+00 -0.998566E+01    -27.424      0.000    -26.742      91
    92.00000 -0.107075E+02  0.000000E+00 -0.107452E+02  0.000000E+00 -0.100842E+02    -33.477      0.000    -26.669      92
    93.00000 -0.107535E+02  0.000000E+00 -0.107912E+02  0.000000E+00 -0.101863E+02    -31.030      0.000    -26.496      93
    94.00000 -0.109872E+02  0.000000E+00 -0.110249E+02  0.000000E+00 -0.102935E+02    -23.206      0.000    -26.241      94
    95.00000 -0.112566E+02  0.000000E+00 -0.112943E+02  0.000000E+00 -0.104062E+02    -22.264      0.000    -25.977      95
    96.00000 -0.111364E+02  0.000000E+00 -0.111741E+02  0.000000E+00 -0.105226E+02    -37.119      0.000    -25.781      96
    97.00000 -0.109534E+02  0.000000E+00 -0.109911E+02  0.000000E+00 -0.106404E+02   -127.703      0.000    -25.686      97
    98.00000 -0.107657E+02  0.000000E+00 -0.108034E+02  0.000000E+00 -0.107581E+02  -2929.279      0.000    -25.671      98
    99.00000 -0.106368E+02  0.000000E+00 -0.107130E+02  0.000000E+00 -0.108748E+02 -10000.000      0.000    -25.713      99
   100.00000 -0.104789E+02  0.000000E+00 -0.106789E+02  0.000000E+00 -0.109893E+02 -10000.000      0.000    -25.811     100
   101.00000 -0.107442E+02  0.000000E+00 -0.109442E+02  0.000000E+00 -0.111011E+02    -27.147      0.000    -25.952     101
   102.00000 -0.106990E+02  0.000000E+00 -0.108990E+02  0.000000E+00 -0.112086E+02    -36.806      0.000    -26.154     102
   103.00000 -0.112889E+02  0.000000E+00 -0.114889E+02  0.000000E+00 -0.113111E+02    -19.469      0.000    -26.411     103
   104.00000 -0.121188E+02  0.000000E+00 -0.123188E+02  0.000000E+00 -0.114072E+02    -18.248      0.000    -26.727     104
   105.00000 -0.120254E+02  0.000000E+00 -0.122254E+02  0.000000E+00 -0.114952E+02    -32.759      0.000    -27.095     105
   106.00000 -0.123554E+02  0.000000E+00 -0.125554E+02  0.000000E+00 -0.115751E+02    -21.848      0.000    -27.486     106
   107.00000 -0.121985E+02  0.000000E+00 -0.123985E+02  0.000000E+00 -0.116479E+02    -42.119      0.000    -27.821     107
   108.00000 -0.119488E+02  0.000000E+00 -0.121488E+02  0.000000E+00 -0.117221E+02   -481.299      0.000    -27.884     108
   109.00000 -0.116909E+02  0.000000E+00 -0.119506E+02  0.000000E+00 -0.118048E+02 -10000.000      0.000    -27.589     109
   110.00000 -0.113863E+02  0.000000E+00 -0.119021E+02  0.000000E+00 -0.119010E+02 -10000.000      0.000    -26.949     110
   111.00000 -0.111799E+02  0.000000E+00 -0.118736E+02  0.000000E+00 -0.120129E+02 -10000.000      0.000    -26.246     111
   112.00000 -0.111483E+02  0.000000E+00 -0.118518E+02  0.000000E+00 -0.121325E+02 -10000.000      0.000    -25.742     112
   113.00000 -0.111601E+02  0.000000E+00 -0.118636E+02  0.000000E+00 -0.122549E+02   -134.902      0.000    -25.468     113
   114.00000 -0.112136E+02  0.000000E+00 -0.119171E+02  0.000000E+00 -0.123767E+02    -51.571      0.000    -25.469     114
   115.00000 -0.111882E+02  0.000000E+00 -0.118917E+02  0.000000E+00 -0.124928E+02    -70.006      0.000    -25.711     115
   116.00000 -0.114286E+02  0.000000E+00 -0.121321E+02  0.000000E+00 -0.126015E+02    -26.758      0.000    -26.082     116
   117.00000 -0.113484E+02  0.000000E+00 -0.120519E+02  0.000000E+00 -0.126998E+02    -41.989      0.000    -26.551     117
   118.00000 -0.112164E+02  0.000000E+00 -0.119199E+02  0.000000E+00 -0.127858E+02   -985.464      0.000    -27.061     118
   119.00000 -0.110530E+02  0.000000E+00 -0.118422E+02  0.000000E+00 -0.128621E+02 -10000.000      0.000    -27.570     119
   120.00000 -0.109491E+02  0.000000E+00 -0.118235E+02  0.000000E+00 -0.129269E+02 -10000.000      0.000    -28.045     120
   121.00000 -0.108526E+02  0.000000E+00 -0.118137E+02  0.000000E+00 -0.129833E+02 -10000.000      0.000    -28.477     121
   122.00000 -0.108525E+02  0.000000E+00 -0.118136E+02  0.000000E+00 -0.130310E+02   -369.700      0.000    -28.831     122
   123.00000 -0.107351E+02  0.000000E+00 -0.118038E+02  0.000000E+00 -0.130755E+02 -10000.000      0.000    -29.187     123
   124.00000 -0.105247E+02  0.000000E+00 -0.117972E+02  0.000000E+00 -0.131158E+02 -10000.000      0.000    -29.502     124
   125.00000 -0.102887E+02  0.000000E+00 -0.117917E+02  0.000000E+00 -0.131531E+02 -10000.000      0.000    -29.773     125
   126.00000 -0.100140E+02  0.000000E+00 -0.117870E+02  0.000000E+00 -0.131882E+02 -10000.000      0.000    -30.115     126
   127.00000 -0.971000E+01  0.000000E+00 -0.117828E+02  0.000000E+00 -0.132222E+02 -10000.000      0.000    -30.452     127
   128.00000 -0.937690E+01  0.000000E+00 -0.117789E+02  0.000000E+00 -0.132551E+02 -10000.000      0.000    -30.761     128
   129.00000 -0.912060E+01  0.000000E+00 -0.117756E+02  0.000000E+00 -0.132870E+02 -10000.000      0.000    -31.059     129
   130.00000 -0.902720E+01  0.000000E+00 -0.117726E+02  0.000000E+00 -0.133177E+02 -10000.000      0.000    -31.352     130
   131.00000 -0.902410E+01  0.000000E+00 -0.117698E+02  0.000000E+00 -0.133473E+02 -10000.000      0.000    -31.642     131
   132.00000 -0.893590E+01  0.000000E+00 -0.117670E+02  0.000000E+00 -0.133759E+02 -10000.000      0.000    -31.932     132
   133.00000 -0.856170E+01  0.000000E+00 -0.117644E+02  0.000000E+00 -0.134033E+02 -10000.000      0.000    -32.222     133
   134.00000 -0.820680E+01  0.000000E+00 -0.117618E+02  0.000000E+00 -0.134296E+02 -10000.000      0.000    -32.512     134
   135.00000 -0.825141E+01  0.000000E+00 -0.118064E+02  0.000000E+00 -0.134552E+02    -63.993      0.000    -32.801     135
   136.00000 -0.826161E+01  0.000000E+00 -0.118166E+02  0.000000E+00 -0.134798E+02    -57.766      0.000    -33.088     136
   137.00000 -0.815461E+01  0.000000E+00 -0.117613E+02  0.000000E+00 -0.135031E+02 -10000.000      0.000    -33.373     137
   138.00000 -0.815461E+01  0.000000E+00 -0.117613E+02  0.000000E+00 -0.135253E+02   -991.278      0.000    -33.654     138
   139.00000 -0.810621E+01  0.000000E+00 -0.117572E+02  0.000000E+00 -0.135464E+02 -10000.000      0.000    -33.931     139
   140.00000 -0.778501E+01  0.000000E+00 -0.117544E+02  0.000000E+00 -0.135661E+02 -10000.000      0.000    -34.200     140
   141.00000 -0.745291E+01  0.000000E+00 -0.117519E+02  0.000000E+00 -0.135849E+02 -10000.000      0.000    -34.462     141
   142.00000 -0.715291E+01  0.000000E+00 -0.117496E+02  0.000000E+00 -0.136027E+02 -10000.000      0.000    -34.717     142
   143.00000 -0.690911E+01  0.000000E+00 -0.117475E+02  0.000000E+00 -0.136195E+02 -10000.000      0.000    -34.964     143
   144.00000 -0.674031E+01  0.000000E+00 -0.117456E+02  0.000000E+00 -0.136355E+02 -10000.000      0.000    -35.201     144
   145.00000 -0.658531E+01  0.000000E+00 -0.117437E+02  0.000000E+00 -0.136506E+02 -10000.000      0.000    -35.429     145
   146.00000 -0.626931E+01  0.000000E+00 -0.117420E+02  0.000000E+00 -0.136648E+02 -10000.000      0.000    -35.646     146
   147.00000 -0.612441E+01  0.000000E+00 -0.117404E+02  0.000000E+00 -0.136784E+02 -10000.000      0.000    -35.854     147
   148.00000 -0.586271E+01  0.000000E+00 -0.117388E+02  0.000000E+00 -0.136912E+02 -10000.000      0.000    -36.049     148
   149.00000 -0.541401E+01  0.000000E+00 -0.117373E+02  0.000000E+00 -0.137033E+02 -10000.000      0.000    -36.234     149
   150.00000 -0.522941E+01  0.000000E+00 -0.117359E+02  0.000000E+00 -0.137148E+02 -10000.000      0.000    -36.407     150
   151.00000 -0.486011E+01  0.000000E+00 -0.117345E+02  0.000000E+00 -0.137258E+02 -10000.000      0.000    -36.569     151
   152.00000 -0.470101E+01  0.000000E+00 -0.117332E+02  0.000000E+00 -0.137363E+02 -10000.000      0.000    -36.727     152
   153.00000 -0.483201E+01  0.000000E+00 -0.118642E+02  0.000000E+00 -0.137466E+02    -36.704      0.000    -36.886     153
   154.00000 -0.481031E+01  0.000000E+00 -0.118425E+02  0.000000E+00 -0.137565E+02    -46.083      0.000    -37.042     154
   155.00000 -0.471731E+01  0.000000E+00 -0.117576E+02  0.000000E+00 -0.137660E+02 -10000.000      0.000    -37.191     155
   156.00000 -0.456721E+01  0.000000E+00 -0.117468E+02  0.000000E+00 -0.137753E+02 -10000.000      0.000    -37.333     156
   157.00000 -0.417201E+01  0.000000E+00 -0.117407E+02  0.000000E+00 -0.137842E+02 -10000.000      0.000    -37.467     157
   158.00000 -0.372881E+01  0.000000E+00 -0.117374E+02  0.000000E+00 -0.137929E+02 -10000.000      0.000    -37.589     158
   159.00000 -0.325531E+01  0.000000E+00 -0.117347E+02  0.000000E+00 -0.138014E+02 -10000.000      0.000    -37.747     159
   160.00000 -0.287171E+01  0.000000E+00 -0.117325E+02  0.000000E+00 -0.138097E+02 -10000.000      0.000    -37.935     160
   161.00000 -0.468161E+01  0.000000E+00 -0.135424E+02  0.000000E+00 -0.138180E+02    -16.011      0.000    -38.113     161
   162.00000 -0.461371E+01  0.000000E+00 -0.134745E+02  0.000000E+00 -0.138262E+02    -30.711      0.000    -38.276     162
   163.00000 -0.459651E+01  0.000000E+00 -0.134573E+02  0.000000E+00 -0.138344E+02    -35.214      0.000    -38.428     163
   164.00000 -0.459651E+01  0.000000E+00 -0.134573E+02  0.000000E+00 -0.138424E+02    -36.560      0.000    -38.573     164
   165.00000 -0.431371E+01  0.000000E+00 -0.131745E+02  0.000000E+00 -0.138503E+02  -1085.679      0.000    -38.710     165
   166.00000 -0.430571E+01  0.000000E+00 -0.131665E+02  0.000000E+00 -0.138582E+02   -152.704      0.000    -38.812     166
   167.00000 -0.429891E+01  0.000000E+00 -0.131597E+02  0.000000E+00 -0.138661E+02   -120.085      0.000    -38.877     167
   168.00000 -0.420171E+01  0.000000E+00 -0.130625E+02  0.000000E+00 -0.138742E+02  -4930.185      0.000    -38.804     168
   169.00000 -0.417531E+01  0.000000E+00 -0.130361E+02  0.000000E+00 -0.138840E+02  -2580.390      0.000    -38.433     169
   170.00000 -0.414501E+01  0.000000E+00 -0.130058E+02  0.000000E+00 -0.138965E+02  -7564.874      0.000    -37.739     170
   171.00000 -0.409210E+01  0.000000E+00 -0.129810E+02  0.000000E+00 -0.139113E+02 -10000.000      0.000    -37.119     171
   172.00000 -0.411420E+01  0.000000E+00 -0.130031E+02  0.000000E+00 -0.139300E+02    -93.868      0.000    -36.205     172
   173.00000 -0.447081E+01  0.000000E+00 -0.133597E+02  0.000000E+00 -0.139535E+02    -23.556      0.000    -34.941     173
   174.00000 -0.491001E+01  0.000000E+00 -0.137989E+02  0.000000E+00 -0.139817E+02    -20.671      0.000    -33.533     174
   175.00000 -0.497601E+01  0.000000E+00 -0.138649E+02  0.000000E+00 -0.140136E+02    -26.074      0.000    -32.238     175
   176.00000 -0.498461E+01  0.000000E+00 -0.138735E+02  0.000000E+00 -0.140490E+02    -30.574      0.000    -31.238     176
   177.00000 -0.497511E+01  0.000000E+00 -0.138640E+02  0.000000E+00 -0.140866E+02    -34.977      0.000    -30.608     177
   178.00000 -0.488731E+01  0.000000E+00 -0.137762E+02  0.000000E+00 -0.141245E+02    -56.828      0.000    -30.255     178
   179.00000 -0.471201E+01  0.000000E+00 -0.136009E+02  0.000000E+00 -0.141620E+02   -710.108      0.000    -30.075     179
   180.00000 -0.427720E+01  0.000000E+00 -0.134560E+02  0.000000E+00 -0.141991E+02 -10000.000      0.000    -29.997     180
   181.00000 -0.406381E+01  0.000000E+00 -0.134201E+02  0.000000E+00 -0.142359E+02 -10000.000      0.000    -30.014     181
   182.00000 -0.382481E+01  0.000000E+00 -0.133959E+02  0.000000E+00 -0.142724E+02 -10000.000      0.000    -30.065     182
   183.00000 -0.352601E+01  0.000000E+00 -0.133807E+02  0.000000E+00 -0.143087E+02 -10000.000      0.000    -30.121     183
   184.00000 -0.309831E+01  0.000000E+00 -0.133693E+02  0.000000E+00 -0.143448E+02 -10000.000      0.000    -30.169     184
   185.00000 -0.256681E+01  0.000000E+00 -0.133587E+02  0.000000E+00 -0.143808E+02 -10000.000      0.000    -30.209     185
   186.00000 -0.238101E+01  0.000000E+00 -0.133496E+02  0.000000E+00 -0.144167E+02 -10000.000      0.000    -30.243     186
   187.00000 -0.235001E+01  0.000000E+00 -0.133416E+02  0.000000E+00 -0.144524E+02 -10000.000      0.000    -30.278     187
   188.00000 -0.202951E+01  0.000000E+00 -0.133346E+02  0.000000E+00 -0.144880E+02 -10000.000      0.000    -30.319     188
   189.00000 -0.196561E+01  0.000000E+00 -0.133282E+02  0.000000E+00 -0.145234E+02 -10000.000      0.000    -30.370     189
   190.00000 -0.183081E+01  0.000000E+00 -0.133225E+02  0.000000E+00 -0.145584E+02 -10000.000      0.000    -30.435     190
   191.00000 -0.185651E+01  0.000000E+00 -0.133483E+02  0.000000E+00 -0.145933E+02    -87.991      0.000    -30.509     191
   192.00000 -0.201041E+01  0.000000E+00 -0.135022E+02  0.000000E+00 -0.146278E+02    -32.249      0.000    -30.601     192
   193.00000 -0.407970E+01  0.000000E+00 -0.155715E+02  0.000000E+00 -0.146619E+02    -15.623      0.000    -30.711     193
   194.00000 -0.372490E+01  0.000000E+00 -0.152167E+02  0.000000E+00 -0.146954E+02    -64.924      0.000    -30.842     194
   195.00000 -0.341660E+01  0.000000E+00 -0.149084E+02  0.000000E+00 -0.147284E+02  -1661.520      0.000    -30.985     195
   196.00000 -0.311430E+01  0.000000E+00 -0.147483E+02  0.000000E+00 -0.147611E+02 -10000.000      0.000    -31.064     196
   197.00000 -0.270950E+01  0.000000E+00 -0.147014E+02  0.000000E+00 -0.147970E+02 -10000.000      0.000    -30.644     197
   198.00000 -0.233840E+01  0.000000E+00 -0.146736E+02  0.000000E+00 -0.148534E+02 -10000.000      0.000    -29.508     198
   199.00000 -0.204040E+01  0.000000E+00 -0.146546E+02  0.000000E+00 -0.149332E+02 -10000.000      0.000    -28.302     199
   200.00000 -0.170280E+01  0.000000E+00 -0.146422E+02  0.000000E+00 -0.150315E+02 -10000.000      0.000    -27.290     200
   201.00000 -0.147130E+01  0.000000E+00 -0.146308E+02  0.000000E+00 -0.151379E+02 -10000.000      0.000    -26.720     201
   202.00000 -0.127620E+01  0.000000E+00 -0.146195E+02  0.000000E+00 -0.152429E+02 -10000.000      0.000    -26.489     202
   203.00000 -0.127370E+01  0.000000E+00 -0.146170E+02  0.000000E+00 -0.153439E+02  -2071.605      0.000    -26.527     203
   204.00000 -0.869605E+00  0.000000E+00 -0.146056E+02  0.000000E+00 -0.154417E+02 -10000.000      0.000    -26.674     204
   205.00000 -0.374605E+00  0.000000E+00 -0.145970E+02  0.000000E+00 -0.155314E+02 -10000.000      0.000    -27.002     205
   206.00000  0.188951E-01  0.000000E+00 -0.145900E+02  0.000000E+00 -0.156113E+02 -10000.000      0.000    -27.410     206
   207.00000  0.549995E+00  0.000000E+00 -0.145840E+02  0.000000E+00 -0.156794E+02 -10000.000      0.000    -27.829     207
   208.00000  0.779195E+00  0.000000E+00 -0.145787E+02  0.000000E+00 -0.157392E+02 -10000.000      0.000    -28.228     208
   209.00000  0.108160E+01  0.000000E+00 -0.145740E+02  0.000000E+00 -0.157923E+02 -10000.000      0.000    -28.599     209
   210.00000  0.407795E+00  0.000000E+00 -0.152478E+02  0.000000E+00 -0.158412E+02    -19.868      0.000    -28.946     210
   211.00000  0.681895E+00  0.000000E+00 -0.149737E+02  0.000000E+00 -0.158848E+02    -86.103      0.000    -29.277     211
   212.00000  0.102209E+01  0.000000E+00 -0.147039E+02  0.000000E+00 -0.159248E+02 -10000.000      0.000    -29.582     212
   213.00000  0.116429E+01  0.000000E+00 -0.146731E+02  0.000000E+00 -0.159616E+02 -10000.000      0.000    -29.848     213
   214.00000  0.125389E+01  0.000000E+00 -0.146584E+02  0.000000E+00 -0.159966E+02 -10000.000      0.000    -30.224     214
   215.00000  0.169989E+01  0.000000E+00 -0.146471E+02  0.000000E+00 -0.160306E+02 -10000.000      0.000    -30.549     215
   216.00000  0.186119E+01  0.000000E+00 -0.146382E+02  0.000000E+00 -0.160632E+02 -10000.000      0.000    -30.850     216
   217.00000  0.194899E+01  0.000000E+00 -0.146306E+02  0.000000E+00 -0.160947E+02 -10000.000      0.000    -31.145     217
   218.00000  0.237369E+01  0.000000E+00 -0.146238E+02  0.000000E+00 -0.161252E+02 -10000.000      0.000    -31.439     218
   219.00000  0.281119E+01  0.000000E+00 -0.146181E+02  0.000000E+00 -0.161544E+02 -10000.000      0.000    -31.732     219
   220.00000  0.312309E+01  0.000000E+00 -0.146130E+02  0.000000E+00 -0.161826E+02 -10000.000      0.000    -32.025     220
   221.00000  0.322829E+01  0.000000E+00 -0.146085E+02  0.000000E+00 -0.162096E+02 -10000.000      0.000    -32.318     221
   222.00000  0.336499E+01  0.000000E+00 -0.146045E+02  0.000000E+00 -0.162355E+02 -10000.000      0.000    -32.609     222
   223.00000  0.345679E+01  0.000000E+00 -0.146008E+02  0.000000E+00 -0.162603E+02 -10000.000      0.000    -32.899     223
   224.00000  0.372179E+01  0.000000E+00 -0.145975E+02  0.000000E+00 -0.162840E+02 -10000.000      0.000    -33.185     224
   225.00000  0.381969E+01  0.000000E+00 -0.145946E+02  0.000000E+00 -0.163066E+02 -10000.000      0.000    -33.467     225
   226.00000  0.378699E+01  0.000000E+00 -0.146273E+02  0.000000E+00 -0.163286E+02    -75.577      0.000    -33.746     226
   227.00000  0.385339E+01  0.000000E+00 -0.145923E+02  0.000000E+00 -0.163495E+02 -10000.000      0.000    -34.020     227
   228.00000  0.422129E+01  0.000000E+00 -0.145888E+02  0.000000E+00 -0.163692E+02 -10000.000      0.000    -34.286     228
   229.00000  0.458409E+01  0.000000E+00 -0.145858E+02  0.000000E+00 -0.163879E+02 -10000.000      0.000    -34.546     229
   230.00000  0.466869E+01  0.000000E+00 -0.145832E+02  0.000000E+00 -0.164054E+02 -10000.000      0.000    -34.795     230
   231.00000  0.503359E+01  0.000000E+00 -0.145807E+02  0.000000E+00 -0.164220E+02 -10000.000      0.000    -35.036     231
   232.00000  0.503469E+01  0.000000E+00 -0.145796E+02  0.000000E+00 -0.164377E+02  -4499.090      0.000    -35.267     232
   233.00000  0.514749E+01  0.000000E+00 -0.145771E+02  0.000000E+00 -0.164529E+02 -10000.000      0.000    -35.492     233
   234.00000  0.548999E+01  0.000000E+00 -0.145749E+02  0.000000E+00 -0.164672E+02 -10000.000      0.000    -35.706     234
   235.00000  0.574199E+01  0.000000E+00 -0.145728E+02  0.000000E+00 -0.164807E+02 -10000.000      0.000    -35.909     235
   236.00000  0.575619E+01  0.000000E+00 -0.145709E+02  0.000000E+00 -0.164934E+02 -10000.000      0.000    -36.098     236
   237.00000  0.573109E+01  0.000000E+00 -0.145960E+02  0.000000E+00 -0.165056E+02    -89.250      0.000    -36.282     237
   238.00000  0.587269E+01  0.000000E+00 -0.145688E+02  0.000000E+00 -0.165173E+02 -10000.000      0.000    -36.453     238
   239.00000  0.587479E+01  0.000000E+00 -0.145669E+02  0.000000E+00 -0.165282E+02 -10000.000      0.000    -36.611     239
   240.00000  0.593289E+01  0.000000E+00 -0.145651E+02  0.000000E+00 -0.165387E+02 -10000.000      0.000    -36.763     240
   241.00000  0.620799E+01  0.000000E+00 -0.145635E+02  0.000000E+00 -0.165488E+02 -10000.000      0.000    -36.913     241
   242.00000  0.603199E+01  0.000000E+00 -0.147395E+02  0.000000E+00 -0.165587E+02    -32.801      0.000    -37.062     242
   243.00000  0.610999E+01  0.000000E+00 -0.146615E+02  0.000000E+00 -0.165683E+02    -58.616      0.000    -37.205     243
   244.00000  0.619609E+01  0.000000E+00 -0.145937E+02  0.000000E+00 -0.165776E+02 -10000.000      0.000    -37.339     244
   245.00000  0.615229E+01  0.000000E+00 -0.146375E+02  0.000000E+00 -0.165866E+02    -64.395      0.000    -37.466     245
   246.00000  0.627269E+01  0.000000E+00 -0.145833E+02  0.000000E+00 -0.165954E+02 -10000.000      0.000    -37.584     246
   247.00000  0.644199E+01  0.000000E+00 -0.145760E+02  0.000000E+00 -0.166039E+02 -10000.000      0.000    -37.727     247
   248.00000  0.646979E+01  0.000000E+00 -0.145716E+02  0.000000E+00 -0.166124E+02 -10000.000      0.000    -37.905     248
   249.00000  0.662959E+01  0.000000E+00 -0.145689E+02  0.000000E+00 -0.166207E+02 -10000.000      0.000    -38.062     249
   250.00000  0.645139E+01  0.000000E+00 -0.147471E+02  0.000000E+00 -0.166290E+02    -32.435      0.000    -38.213     250
   251.00000  0.660479E+01  0.000000E+00 -0.145987E+02  0.000000E+00 -0.166371E+02 -10000.000      0.000    -38.354     251
   252.00000  0.669049E+01  0.000000E+00 -0.145806E+02  0.000000E+00 -0.166452E+02 -10000.000      0.000    -38.488     252
   253.00000  0.670979E+01  0.000000E+00 -0.145732E+02  0.000000E+00 -0.166532E+02 -10000.000      0.000    -38.617     253
   254.00000  0.688389E+01  0.000000E+00 -0.145687E+02  0.000000E+00 -0.166611E+02 -10000.000      0.000    -38.745     254
   255.00000  0.706679E+01  0.000000E+00 -0.145660E+02  0.000000E+00 -0.166689E+02 -10000.000      0.000    -38.870     255
   256.00000  0.689080E+01  0.000000E+00 -0.147421E+02  0.000000E+00 -0.166767E+02    -32.617      0.000    -38.996     256
   257.00000  0.687780E+01  0.000000E+00 -0.147551E+02  0.000000E+00 -0.166843E+02    -36.263      0.000    -39.120     257
   258.00000  0.693520E+01  0.000000E+00 -0.146977E+02  0.000000E+00 -0.166919E+02    -56.613      0.000    -39.245     258
   259.00000  0.704980E+01  0.000000E+00 -0.145983E+02  0.000000E+00 -0.166994E+02 -10000.000      0.000    -39.369     259
   260.00000  0.724190E+01  0.000000E+00 -0.145795E+02  0.000000E+00 -0.167068E+02 -10000.000      0.000    -39.494     260
   261.00000  0.749980E+01  0.000000E+00 -0.145720E+02  0.000000E+00 -0.167141E+02 -10000.000      0.000    -39.619     261
   262.00000  0.770670E+01  0.000000E+00 -0.145675E+02  0.000000E+00 -0.167213E+02 -10000.000      0.000    -39.744     262
   263.00000  0.789180E+01  0.000000E+00 -0.145649E+02  0.000000E+00 -0.167284E+02 -10000.000      0.000    -39.870     263
   264.00000  0.792140E+01  0.000000E+00 -0.145625E+02  0.000000E+00 -0.167354E+02 -10000.000      0.000    -39.997     264
   265.00000  0.789040E+01  0.000000E+00 -0.145935E+02  0.000000E+00 -0.167423E+02    -77.877      0.000    -40.124     265
   266.00000  0.630440E+01  0.000000E+00 -0.161795E+02  0.000000E+00 -0.167492E+02    -16.395      0.000    -40.250     266
   267.00000  0.631500E+01  0.000000E+00 -0.161689E+02  0.000000E+00 -0.167560E+02    -28.550      0.000    -40.378     267
   268.00000  0.640370E+01  0.000000E+00 -0.160802E+02  0.000000E+00 -0.167626E+02    -41.689      0.000    -40.505     268
   269.00000  0.648410E+01  0.000000E+00 -0.159998E+02  0.000000E+00 -0.167692E+02    -62.055      0.000    -40.633     269
   270.00000  0.657840E+01  0.000000E+00 -0.159055E+02  0.000000E+00 -0.167757E+02   -140.514      0.000    -40.761     270
   271.00000  0.660110E+01  0.000000E+00 -0.158828E+02  0.000000E+00 -0.167821E+02   -116.710      0.000    -40.884     271
   272.00000  0.670430E+01  0.000000E+00 -0.157796E+02  0.000000E+00 -0.167884E+02  -1138.146      0.000    -40.994     272
   273.00000  0.682030E+01  0.000000E+00 -0.156966E+02  0.000000E+00 -0.167947E+02 -10000.000      0.000    -41.092     273
   274.00000  0.678180E+01  0.000000E+00 -0.157351E+02  0.000000E+00 -0.168010E+02    -69.538      0.000    -41.164     274
   275.00000  0.658550E+01  0.000000E+00 -0.159314E+02  0.000000E+00 -0.168074E+02    -28.113      0.000    -41.183     275
   276.00000  0.653200E+01  0.000000E+00 -0.159849E+02  0.000000E+00 -0.168140E+02    -29.409      0.000    -41.103     276
   277.00000  0.653200E+01  0.000000E+00 -0.159849E+02  0.000000E+00 -0.168211E+02    -33.400      0.000    -40.822     277
   278.00000  0.666280E+01  0.000000E+00 -0.158541E+02  0.000000E+00 -0.168289E+02   -109.287      0.000    -40.274     278
   279.00000  0.676330E+01  0.000000E+00 -0.157536E+02  0.000000E+00 -0.168386E+02  -1774.748      0.000    -39.501     279
   280.00000  0.676350E+01  0.000000E+00 -0.157534E+02  0.000000E+00 -0.168510E+02   -195.041      0.000    -38.501     280
   281.00000  0.683450E+01  0.000000E+00 -0.156887E+02  0.000000E+00 -0.168649E+02 -10000.000      0.000    -37.511     281
   282.00000  0.686530E+01  0.000000E+00 -0.156672E+02  0.000000E+00 -0.168816E+02 -10000.000      0.000    -36.798     282
   283.00000  0.700970E+01  0.000000E+00 -0.156551E+02  0.000000E+00 -0.169014E+02 -10000.000      0.000    -36.030     283
   284.00000  0.716320E+01  0.000000E+00 -0.156452E+02  0.000000E+00 -0.169230E+02 -10000.000      0.000    -35.311     284
   285.00000  0.732400E+01  0.000000E+00 -0.156370E+02  0.000000E+00 -0.169463E+02 -10000.000      0.000    -34.675     285
   286.00000  0.749120E+01  0.000000E+00 -0.156298E+02  0.000000E+00 -0.169708E+02 -10000.000      0.000    -34.145     286
   287.00000  0.764030E+01  0.000000E+00 -0.156237E+02  0.000000E+00 -0.169962E+02 -10000.000      0.000    -33.725     287
   288.00000  0.774050E+01  0.000000E+00 -0.156183E+02  0.000000E+00 -0.170222E+02 -10000.000      0.000    -33.410     288
   289.00000  0.780130E+01  0.000000E+00 -0.156135E+02  0.000000E+00 -0.170484E+02 -10000.000      0.000    -33.190     289
   290.00000  0.790870E+01  0.000000E+00 -0.156092E+02  0.000000E+00 -0.170748E+02 -10000.000      0.000    -33.053     290
   291.00000  0.790870E+01  0.000000E+00 -0.156092E+02  0.000000E+00 -0.171011E+02   -389.274      0.000    -32.984     291
   292.00000  0.795440E+01  0.000000E+00 -0.156039E+02  0.000000E+00 -0.171273E+02 -10000.000      0.000    -32.954     292
   293.00000  0.796600E+01  0.000000E+00 -0.155999E+02  0.000000E+00 -0.171531E+02 -10000.000      0.000    -32.985     293
   294.00000  0.802780E+01  0.000000E+00 -0.155965E+02  0.000000E+00 -0.171785E+02 -10000.000      0.000    -33.058     294
   295.00000  0.787430E+01  0.000000E+00 -0.157500E+02  0.000000E+00 -0.172035E+02    -34.444      0.000    -33.159     295
   296.00000  0.750030E+01  0.000000E+00 -0.161240E+02  0.000000E+00 -0.172279E+02    -22.389      0.000    -33.290     296
   297.00000  0.741180E+01  0.000000E+00 -0.162125E+02  0.000000E+00 -0.172516E+02    -25.847      0.000    -33.444     297
   298.00000  0.732380E+01  0.000000E+00 -0.163005E+02  0.000000E+00 -0.172744E+02    -26.733      0.000    -33.619     298
   299.00000  0.730180E+01  0.000000E+00 -0.163225E+02  0.000000E+00 -0.172966E+02    -29.823      0.000    -33.806     299
   300.00000  0.730400E+01  0.000000E+00 -0.163203E+02  0.000000E+00 -0.173179E+02    -33.843      0.000    -34.004     300
   301.00000  0.712800E+01  0.000000E+00 -0.164963E+02  0.000000E+00 -0.173384E+02    -24.973      0.000    -34.210     301
   302.00000  0.708400E+01  0.000000E+00 -0.165403E+02  0.000000E+00 -0.173581E+02    -28.397      0.000    -34.420     302
   303.00000  0.711290E+01  0.000000E+00 -0.165114E+02  0.000000E+00 -0.173768E+02    -35.114      0.000    -34.634     303
   304.00000  0.716370E+01  0.000000E+00 -0.164606E+02  0.000000E+00 -0.173946E+02    -45.877      0.000    -34.847     304
   305.00000  0.716740E+01  0.000000E+00 -0.164569E+02  0.000000E+00 -0.174116E+02    -45.886      0.000    -35.059     305
   306.00000  0.719250E+01  0.000000E+00 -0.164318E+02  0.000000E+00 -0.174276E+02    -53.070      0.000    -35.265     306
   307.00000  0.719250E+01  0.000000E+00 -0.164318E+02  0.000000E+00 -0.174428E+02    -51.064      0.000    -35.465     307
   308.00000  0.719250E+01  0.000000E+00 -0.164318E+02  0.000000E+00 -0.174573E+02    -50.078      0.000    -35.653     308
   309.00000  0.719730E+01  0.000000E+00 -0.164270E+02  0.000000E+00 -0.174712E+02    -51.693      0.000    -35.831     309
   310.00000  0.725480E+01  0.000000E+00 -0.163695E+02  0.000000E+00 -0.174845E+02    -95.579      0.000    -35.995     310
   311.00000  0.729260E+01  0.000000E+00 -0.163317E+02  0.000000E+00 -0.174975E+02   -169.878      0.000    -36.138     311
   312.00000  0.727310E+01  0.000000E+00 -0.163512E+02  0.000000E+00 -0.175103E+02    -73.026      0.000    -36.274     312
   313.00000  0.727460E+01  0.000000E+00 -0.163497E+02  0.000000E+00 -0.175228E+02    -71.597      0.000    -36.384     313
   314.00000  0.728040E+01  0.000000E+00 -0.163439E+02  0.000000E+00 -0.175352E+02    -74.633      0.000    -36.466     314
   315.00000  0.711580E+01  0.000000E+00 -0.165085E+02  0.000000E+00 -0.175477E+02    -29.060      0.000    -36.525     315
   316.00000  0.709560E+01  0.000000E+00 -0.165287E+02  0.000000E+00 -0.175603E+02    -31.687      0.000    -36.550     316
   317.00000  0.603990E+01  0.000000E+00 -0.175844E+02  0.000000E+00 -0.175733E+02    -17.538      0.000    -36.540     317
   318.00000  0.605810E+01  0.000000E+00 -0.175662E+02  0.000000E+00 -0.175868E+02    -28.649      0.000    -36.492     318
   319.00000  0.605810E+01  0.000000E+00 -0.175662E+02  0.000000E+00 -0.176008E+02    -32.447      0.000    -36.405     319
   320.00000  0.609190E+01  0.000000E+00 -0.175325E+02  0.000000E+00 -0.176156E+02    -38.578      0.000    -36.281     320
   321.00000  0.608580E+01  0.000000E+00 -0.175385E+02  0.000000E+00 -0.176310E+02    -38.058      0.000    -36.128     321
   322.00000  0.606540E+01  0.000000E+00 -0.175589E+02  0.000000E+00 -0.176474E+02    -36.381      0.000    -35.920     322
   323.00000  0.602150E+01  0.000000E+00 -0.176028E+02  0.000000E+00 -0.176655E+02    -32.954      0.000    -35.597     323
   324.00000  0.602150E+01  0.000000E+00 -0.176028E+02  0.000000E+00 -0.176869E+02    -35.657      0.000    -34.965     324
   325.00000  0.602150E+01  0.000000E+00 -0.176028E+02  0.000000E+00 -0.177140E+02    -37.359      0.000    -33.787     325
   326.00000  0.602150E+01  0.000000E+00 -0.176028E+02  0.000000E+00 -0.177500E+02    -39.325      0.000    -32.168     326
   327.00000  0.599950E+01  0.000000E+00 -0.176248E+02  0.000000E+00 -0.177964E+02    -36.844      0.000    -30.463     327
   328.00000  0.593350E+01  0.000000E+00 -0.176908E+02  0.000000E+00 -0.178545E+02    -31.004      0.000    -29.324     328
   329.00000  0.591240E+01  0.000000E+00 -0.177119E+02  0.000000E+00 -0.179226E+02    -32.512      0.000    -28.614     329
   330.00000  0.591240E+01  0.000000E+00 -0.177119E+02  0.000000E+00 -0.179950E+02    -35.438      0.000    -28.248     330
   331.00000  0.591470E+01  0.000000E+00 -0.177096E+02  0.000000E+00 -0.180658E+02    -37.496      0.000    -28.167     331
   332.00000  0.593310E+01  0.000000E+00 -0.176912E+02  0.000000E+00 -0.181325E+02    -43.438      0.000    -28.257     332
   333.00000  0.594170E+01  0.000000E+00 -0.176826E+02  0.000000E+00 -0.181923E+02    -45.702      0.000    -28.449     333
   334.00000  0.565570E+01  0.000000E+00 -0.179686E+02  0.000000E+00 -0.182494E+02    -23.099      0.000    -28.667     334
   335.00000  0.559150E+01  0.000000E+00 -0.180328E+02  0.000000E+00 -0.183010E+02    -26.995      0.000    -28.910     335
   336.00000  0.482050E+01  0.000000E+00 -0.188038E+02  0.000000E+00 -0.183477E+02    -18.363      0.000    -29.144     336
   337.00000  0.478030E+01  0.000000E+00 -0.188440E+02  0.000000E+00 -0.183905E+02    -27.323      0.000    -29.364     337
   338.00000  0.452350E+01  0.000000E+00 -0.191008E+02  0.000000E+00 -0.184309E+02    -22.592      0.000    -29.569     338
   339.00000  0.452520E+01  0.000000E+00 -0.190991E+02  0.000000E+00 -0.184693E+02    -28.996      0.000    -29.729     339
   340.00000  0.450350E+01  0.000000E+00 -0.191208E+02  0.000000E+00 -0.185070E+02    -31.371      0.000    -29.799     340
   341.00000  0.401850E+01  0.000000E+00 -0.196058E+02  0.000000E+00 -0.185496E+02    -20.288      0.000    -29.675     341
   342.00000  0.393050E+01  0.000000E+00 -0.196938E+02  0.000000E+00 -0.186058E+02    -25.771      0.000    -29.161     342
   343.00000  0.322550E+01  0.000000E+00 -0.203988E+02  0.000000E+00 -0.186814E+02    -18.560      0.000    -28.196     343
   344.00000  0.313770E+01  0.000000E+00 -0.204866E+02  0.000000E+00 -0.187779E+02    -25.871      0.000    -27.017     344
   345.00000  0.293970E+01  0.000000E+00 -0.206846E+02  0.000000E+00 -0.188991E+02    -23.254      0.000    -25.535     345
   346.00000  0.291770E+01  0.000000E+00 -0.207066E+02  0.000000E+00 -0.190907E+02    -28.634      0.000    -23.463     346
   347.00000  0.289570E+01  0.000000E+00 -0.207286E+02  0.000000E+00 -0.193692E+02    -30.922      0.000    -22.552     347
   348.00000  0.289570E+01  0.000000E+00 -0.207286E+02  0.000000E+00 -0.196388E+02    -34.080      0.000    -22.499     348
   349.00000  0.289570E+01  0.000000E+00 -0.207286E+02  0.000000E+00 -0.198696E+02    -35.962      0.000    -22.788     349
   350.00000  0.289570E+01  0.000000E+00 -0.207286E+02  0.000000E+00 -0.200556E+02    -37.329      0.000    -23.092     350
   351.00000  0.285360E+01  0.000000E+00 -0.207707E+02  0.000000E+00 -0.202293E+02    -33.681      0.000    -23.436     351
   352.00000  0.283410E+01  0.000000E+00 -0.207902E+02  0.000000E+00 -0.203847E+02    -34.022      0.000    -23.773     352
   353.00000  0.281210E+01  0.000000E+00 -0.208122E+02  0.000000E+00 -0.205308E+02    -33.971      0.000    -24.145     353
   354.00000  0.281210E+01  0.000000E+00 -0.208122E+02  0.000000E+00 -0.206686E+02    -36.195      0.000    -24.543     354
   355.00000  0.226110E+01  0.000000E+00 -0.213632E+02  0.000000E+00 -0.207992E+02    -19.639      0.000    -24.977     355
   356.00000  0.195310E+01  0.000000E+00 -0.216712E+02  0.000000E+00 -0.209201E+02    -22.007      0.000    -25.454     356
   357.00000  0.151210E+01  0.000000E+00 -0.221122E+02  0.000000E+00 -0.210308E+02    -20.745      0.000    -25.959     357
   358.00000  0.127010E+01  0.000000E+00 -0.223542E+02  0.000000E+00 -0.211311E+02    -22.850      0.000    -26.467     358
   359.00000  0.122610E+01  0.000000E+00 -0.223982E+02  0.000000E+00 -0.212223E+02    -27.718      0.000    -26.913     359
   360.00000  0.120410E+01  0.000000E+00 -0.224202E+02  0.000000E+00 -0.213108E+02    -30.484      0.000    -27.091     360
   361.00000  0.120410E+01  0.000000E+00 -0.224202E+02  0.000000E+00 -0.214156E+02    -34.067      0.000    -26.457     361
   362.00000  0.116010E+01  0.000000E+00 -0.224642E+02  0.000000E+00 -0.215448E+02    -31.380      0.000    -25.082     362
   363.00000  0.852099E+00  0.000000E+00 -0.227722E+02  0.000000E+00 -0.217060E+02    -22.243      0.000    -23.901     363
   364.00000  0.698199E+00  0.000000E+00 -0.229261E+02  0.000000E+00 -0.218749E+02    -23.619      0.000    -23.589     364
   365.00000  0.698199E+00  0.000000E+00 -0.229261E+02  0.000000E+00 -0.220328E+02    -29.401      0.000    -23.655     365
end
