 ******* Program HYDRUS
 ******* 
 Welcome to HYDRUS-1D                                                    
 Date:  27. 1.2022    Time:  16:13:57
 Units: L = cm   , T = days , M = mmol 

----------------------------------------------------------
 Time       [T]        0.0000
----------------------------------------------------------
 Sub-region num.                     1
----------------------------------------------------------
 Length   [L]        0.10000E+03  0.10000E+03
 W-volume [L]        0.70835E+01  0.70835E+01
 In-flow  [L/T]      0.00000E+00  0.00000E+00
 h Mean   [L]       -0.28862E+02 -0.28862E+02
 Top Flux [L/T]     -0.56215E-01
 Bot Flux [L/T]     -0.56215E-01
----------------------------------------------------------

----------------------------------------------------------
 Time       [T]      365.0000
----------------------------------------------------------
 Sub-region num.                     1
----------------------------------------------------------
 Length   [L]        0.10000E+03  0.10000E+03
 W-volume [L]        0.79553E+01  0.79553E+01
 In-flow  [L/T]     -0.15468E+00 -0.15468E+00
 h Mean   [L]       -0.25427E+02 -0.25427E+02
 Top Flux [L/T]     -0.51839E-01
 Bot Flux [L/T]     -0.15211E+00
 WatBalT  [L]       -0.21490E-01
 WatBalR  [%]              0.036
----------------------------------------------------------
 
 Calculation time [sec]   2.43999999761581     
