 ******* Program HYDRUS
 ******* 
 Welcome to HYDRUS-1D                                                    
 Date:  27. 1.2022    Time:  16:13:57
 Units: L = cm   , T = days , M = mmol 


 Time:        0.0000


 Node      Depth      Head Moisture       K          C         Flux        Sink         Kappa   v/KsTop   Temp
           [L]        [L]    [-]        [L/T]      [1/L]      [L/T]        [1/T]         [-]      [-]      [C]

   1     0.0000     -28.862 0.0708   0.5622E-01  0.2107E-02 -0.5622E-01  0.0000E+00      -1  -0.770E-04   20.00
   2   -10.0000     -28.862 0.0708   0.5622E-01  0.2107E-02 -0.5622E-01  0.0000E+00      -1  -0.770E-04   20.00
   3   -20.0000     -28.862 0.0708   0.5622E-01  0.2107E-02 -0.5622E-01  0.0000E+00      -1  -0.770E-04   20.00
   4   -30.0000     -28.862 0.0708   0.5622E-01  0.2107E-02 -0.5622E-01  0.0000E+00      -1  -0.770E-04   20.00
   5   -40.0000     -28.862 0.0708   0.5622E-01  0.2107E-02 -0.5622E-01  0.0000E+00      -1  -0.770E-04   20.00
   6   -50.0000     -28.862 0.0708   0.5622E-01  0.2107E-02 -0.5622E-01  0.0000E+00      -1  -0.770E-04   20.00
   7   -60.0000     -28.862 0.0708   0.5622E-01  0.2107E-02 -0.5622E-01  0.0000E+00      -1  -0.770E-04   20.00
   8   -70.0000     -28.862 0.0708   0.5622E-01  0.2107E-02 -0.5622E-01  0.0000E+00      -1  -0.770E-04   20.00
   9   -80.0000     -28.862 0.0708   0.5622E-01  0.2107E-02 -0.5622E-01  0.0000E+00      -1  -0.770E-04   20.00
  10   -90.0000     -28.862 0.0708   0.5622E-01  0.2107E-02 -0.5622E-01  0.0000E+00      -1  -0.770E-04   20.00
  11  -100.0000     -28.862 0.0708   0.5622E-01  0.2107E-02 -0.5622E-01  0.0000E+00      -1  -0.770E-04   20.00
end


 Time:      365.0000


 Node      Depth      Head Moisture       K          C         Flux        Sink         Kappa   v/KsTop   Temp
           [L]        [L]    [-]        [L/T]      [1/L]      [L/T]        [1/T]         [-]      [-]      [C]

   1     0.0000     -29.401 0.0693   0.4598E-01  0.1973E-02  0.5588E-07  0.0000E+00      -1   0.765E-10   20.00
   2   -10.0000     -26.057 0.0780   0.1098E+00  0.2813E-02 -0.8075E-01  0.0000E+00      -1  -0.111E-03   20.00
   3   -20.0000     -25.624 0.0791   0.1195E+00  0.2940E-02 -0.1149E+00  0.0000E+00      -1  -0.157E-03   20.00
   4   -30.0000     -26.078 0.0779   0.1104E+00  0.2822E-02 -0.1152E+00  0.0000E+00      -1  -0.158E-03   20.00
   5   -40.0000     -26.209 0.0776   0.1072E+00  0.2779E-02 -0.1084E+00  0.0000E+00      -1  -0.148E-03   20.00
   6   -50.0000     -25.824 0.0785   0.1144E+00  0.2874E-02 -0.1098E+00  0.0000E+00      -1  -0.150E-03   20.00
   7   -60.0000     -25.230 0.0801   0.1258E+00  0.3025E-02 -0.1185E+00  0.0000E+00      -1  -0.162E-03   20.00
   8   -70.0000     -24.672 0.0815   0.1367E+00  0.3167E-02 -0.1293E+00  0.0000E+00      -1  -0.177E-03   20.00
   9   -80.0000     -24.229 0.0826   0.1453E+00  0.3281E-02 -0.1389E+00  0.0000E+00      -1  -0.190E-03   20.00
  10   -90.0000     -23.821 0.0836   0.1531E+00  0.3384E-02 -0.1476E+00  0.0000E+00      -1  -0.202E-03   20.00
  11  -100.0000     -23.655 0.0841   0.1563E+00  0.3426E-02 -0.1521E+00  0.0000E+00      -1  -0.208E-03   20.00
end
